---------------------------------------------------------------------------------------------------------------------------------------------------------------------------------
      name:  <unnamed>
       log:  /Users/al8xi8/Desktop/HW2 Alexandra Chang.log
  log type:  text
 opened on:  23 Jan 2024, 00:53:35

. use "/Users/al8xi8/Desktop/frmgham2-1.dta"

. do "/Users/al8xi8/Desktop/HW2 Alexandra Chang.do"

. * PBHS31001 Epidemiologic Methods HW2
. * Date: 1/23/2024 
. * By: Alexandra Chang 
. *==============================================================================*
. 
. *******************************Data Exploration*********************************
. 
. *List the first 10 data to see what they look like and how they are organized.
. //This is a "LONG" data file with separate record for each 3 periods.
. 
. //Long format data: only one numerator and denominator on each line.
. list in 1/10

     +--------------------------------------------------------------------------------------------------------------------------------------------------------------------------+
  1. | randid | sex | totchol | age | sysbp | diabp | cursmoke | cigpday |   bmi | diabetes | bpmeds  | heartrte  | glucose  | educ  | prevchd  | prevap  | prevmi  | prevstrk  |
     |   2448 |   1 |     195 |  39 |   106 |    70 |        0 |       0 | 26.97 |        0 |      0  |       80  |      77  |    4  |       0  |      0  |      0  |        0  |
     |---------------------------------------------------------------------------+-------------------------------------------+--------------------------------------------------|
     | prevhyp | time | period | hdlc | ldlc | death | angina | hospmi | mi_fchd | anychd | stroke | cvd | hyperten | timeap | timemi | timemifc | timechd | timestrk | timecvd |
     |       0 |    0 |      1 |    . |    . |     0 |      0 |      1 |       1 |      1 |      0 |   1 |        0 |   8766 |   6438 |     6438 |    6438 |     8766 |    6438 |
     |------------------------------------------------------------------------------------+-------------------------------------------------------------------------------------|
     |                                      timedth                                       |                                       timehyp                                       |
     |                                         8766                                       |                                          8766                                       |
     +--------------------------------------------------------------------------------------------------------------------------------------------------------------------------+

     +--------------------------------------------------------------------------------------------------------------------------------------------------------------------------+
  2. | randid | sex | totchol | age | sysbp | diabp | cursmoke | cigpday |   bmi | diabetes | bpmeds  | heartrte  | glucose  | educ  | prevchd  | prevap  | prevmi  | prevstrk  |
     |   2448 |   1 |     209 |  52 |   121 |    66 |        0 |       0 |     . |        0 |      0  |       69  |      92  |    4  |       0  |      0  |      0  |        0  |
     |---------------------------------------------------------------------------+-------------------------------------------+--------------------------------------------------|
     | prevhyp | time | period | hdlc | ldlc | death | angina | hospmi | mi_fchd | anychd | stroke | cvd | hyperten | timeap | timemi | timemifc | timechd | timestrk | timecvd |
     |       0 | 4628 |      3 |   31 |  178 |     0 |      0 |      1 |       1 |      1 |      0 |   1 |        0 |   8766 |   6438 |     6438 |    6438 |     8766 |    6438 |
     |------------------------------------------------------------------------------------+-------------------------------------------------------------------------------------|
     |                                      timedth                                       |                                       timehyp                                       |
     |                                         8766                                       |                                          8766                                       |
     +--------------------------------------------------------------------------------------------------------------------------------------------------------------------------+

     +--------------------------------------------------------------------------------------------------------------------------------------------------------------------------+
  3. | randid | sex | totchol | age | sysbp | diabp | cursmoke | cigpday |   bmi | diabetes | bpmeds  | heartrte  | glucose  | educ  | prevchd  | prevap  | prevmi  | prevstrk  |
     |   6238 |   2 |     250 |  46 |   121 |    81 |        0 |       0 | 28.73 |        0 |      0  |       95  |      76  |    2  |       0  |      0  |      0  |        0  |
     |---------------------------------------------------------------------------+-------------------------------------------+--------------------------------------------------|
     | prevhyp | time | period | hdlc | ldlc | death | angina | hospmi | mi_fchd | anychd | stroke | cvd | hyperten | timeap | timemi | timemifc | timechd | timestrk | timecvd |
     |       0 |    0 |      1 |    . |    . |     0 |      0 |      0 |       0 |      0 |      0 |   0 |        0 |   8766 |   8766 |     8766 |    8766 |     8766 |    8766 |
     |------------------------------------------------------------------------------------+-------------------------------------------------------------------------------------|
     |                                      timedth                                       |                                       timehyp                                       |
     |                                         8766                                       |                                          8766                                       |
     +--------------------------------------------------------------------------------------------------------------------------------------------------------------------------+

     +--------------------------------------------------------------------------------------------------------------------------------------------------------------------------+
  4. | randid | sex | totchol | age | sysbp | diabp | cursmoke | cigpday |   bmi | diabetes | bpmeds  | heartrte  | glucose  | educ  | prevchd  | prevap  | prevmi  | prevstrk  |
     |   6238 |   2 |     260 |  52 |   105 |  69.5 |        0 |       0 | 29.43 |        0 |      0  |       80  |      86  |    2  |       0  |      0  |      0  |        0  |
     |---------------------------------------------------------------------------+-------------------------------------------+--------------------------------------------------|
     | prevhyp | time | period | hdlc | ldlc | death | angina | hospmi | mi_fchd | anychd | stroke | cvd | hyperten | timeap | timemi | timemifc | timechd | timestrk | timecvd |
     |       0 | 2156 |      2 |    . |    . |     0 |      0 |      0 |       0 |      0 |      0 |   0 |        0 |   8766 |   8766 |     8766 |    8766 |     8766 |    8766 |
     |------------------------------------------------------------------------------------+-------------------------------------------------------------------------------------|
     |                                      timedth                                       |                                       timehyp                                       |
     |                                         8766                                       |                                          8766                                       |
     +--------------------------------------------------------------------------------------------------------------------------------------------------------------------------+

     +--------------------------------------------------------------------------------------------------------------------------------------------------------------------------+
  5. | randid | sex | totchol | age | sysbp | diabp | cursmoke | cigpday |   bmi | diabetes | bpmeds  | heartrte  | glucose  | educ  | prevchd  | prevap  | prevmi  | prevstrk  |
     |   6238 |   2 |     237 |  58 |   108 |    66 |        0 |       0 |  28.5 |        0 |      0  |       80  |      71  |    2  |       0  |      0  |      0  |        0  |
     |---------------------------------------------------------------------------+-------------------------------------------+--------------------------------------------------|
     | prevhyp | time | period | hdlc | ldlc | death | angina | hospmi | mi_fchd | anychd | stroke | cvd | hyperten | timeap | timemi | timemifc | timechd | timestrk | timecvd |
     |       0 | 4344 |      3 |   54 |  141 |     0 |      0 |      0 |       0 |      0 |      0 |   0 |        0 |   8766 |   8766 |     8766 |    8766 |     8766 |    8766 |
     |------------------------------------------------------------------------------------+-------------------------------------------------------------------------------------|
     |                                      timedth                                       |                                       timehyp                                       |
     |                                         8766                                       |                                          8766                                       |
     +--------------------------------------------------------------------------------------------------------------------------------------------------------------------------+

     +--------------------------------------------------------------------------------------------------------------------------------------------------------------------------+
  6. | randid | sex | totchol | age | sysbp | diabp | cursmoke | cigpday |   bmi | diabetes | bpmeds  | heartrte  | glucose  | educ  | prevchd  | prevap  | prevmi  | prevstrk  |
     |   9428 |   1 |     245 |  48 | 127.5 |    80 |        1 |      20 | 25.34 |        0 |      0  |       75  |      70  |    1  |       0  |      0  |      0  |        0  |
     |---------------------------------------------------------------------------+-------------------------------------------+--------------------------------------------------|
     | prevhyp | time | period | hdlc | ldlc | death | angina | hospmi | mi_fchd | anychd | stroke | cvd | hyperten | timeap | timemi | timemifc | timechd | timestrk | timecvd |
     |       0 |    0 |      1 |    . |    . |     0 |      0 |      0 |       0 |      0 |      0 |   0 |        0 |   8766 |   8766 |     8766 |    8766 |     8766 |    8766 |
     |------------------------------------------------------------------------------------+-------------------------------------------------------------------------------------|
     |                                      timedth                                       |                                       timehyp                                       |
     |                                         8766                                       |                                          8766                                       |
     +--------------------------------------------------------------------------------------------------------------------------------------------------------------------------+

     +--------------------------------------------------------------------------------------------------------------------------------------------------------------------------+
  7. | randid | sex | totchol | age | sysbp | diabp | cursmoke | cigpday |   bmi | diabetes | bpmeds  | heartrte  | glucose  | educ  | prevchd  | prevap  | prevmi  | prevstrk  |
     |   9428 |   1 |     283 |  54 |   141 |    89 |        1 |      30 | 25.34 |        0 |      0  |       75  |      87  |    1  |       0  |      0  |      0  |        0  |
     |---------------------------------------------------------------------------+-------------------------------------------+--------------------------------------------------|
     | prevhyp | time | period | hdlc | ldlc | death | angina | hospmi | mi_fchd | anychd | stroke | cvd | hyperten | timeap | timemi | timemifc | timechd | timestrk | timecvd |
     |       0 | 2199 |      2 |    . |    . |     0 |      0 |      0 |       0 |      0 |      0 |   0 |        0 |   8766 |   8766 |     8766 |    8766 |     8766 |    8766 |
     |------------------------------------------------------------------------------------+-------------------------------------------------------------------------------------|
     |                                      timedth                                       |                                       timehyp                                       |
     |                                         8766                                       |                                          8766                                       |
     +--------------------------------------------------------------------------------------------------------------------------------------------------------------------------+

     +--------------------------------------------------------------------------------------------------------------------------------------------------------------------------+
  8. | randid | sex | totchol | age | sysbp | diabp | cursmoke | cigpday |   bmi | diabetes | bpmeds  | heartrte  | glucose  | educ  | prevchd  | prevap  | prevmi  | prevstrk  |
     |  10552 |   2 |     225 |  61 |   150 |    95 |        1 |      30 | 28.58 |        0 |      0  |       65  |     103  |    3  |       0  |      0  |      0  |        0  |
     |---------------------------------------------------------------------------+-------------------------------------------+--------------------------------------------------|
     | prevhyp | time | period | hdlc | ldlc | death | angina | hospmi | mi_fchd | anychd | stroke | cvd | hyperten | timeap | timemi | timemifc | timechd | timestrk | timecvd |
     |       1 |    0 |      1 |    . |    . |     1 |      0 |      0 |       0 |      0 |      1 |   1 |        1 |   2956 |   2956 |     2956 |    2956 |     2089 |    2089 |
     |------------------------------------------------------------------------------------+-------------------------------------------------------------------------------------|
     |                                      timedth                                       |                                       timehyp                                       |
     |                                         2956                                       |                                             0                                       |
     +--------------------------------------------------------------------------------------------------------------------------------------------------------------------------+

     +--------------------------------------------------------------------------------------------------------------------------------------------------------------------------+
  9. | randid | sex | totchol | age | sysbp | diabp | cursmoke | cigpday |   bmi | diabetes | bpmeds  | heartrte  | glucose  | educ  | prevchd  | prevap  | prevmi  | prevstrk  |
     |  10552 |   2 |     232 |  67 |   183 |   109 |        1 |      20 | 30.18 |        0 |      0  |       60  |      89  |    3  |       0  |      0  |      0  |        0  |
     |---------------------------------------------------------------------------+-------------------------------------------+--------------------------------------------------|
     | prevhyp | time | period | hdlc | ldlc | death | angina | hospmi | mi_fchd | anychd | stroke | cvd | hyperten | timeap | timemi | timemifc | timechd | timestrk | timecvd |
     |       1 | 1977 |      2 |    . |    . |     1 |      0 |      0 |       0 |      0 |      1 |   1 |        1 |   2956 |   2956 |     2956 |    2956 |     2089 |    2089 |
     |------------------------------------------------------------------------------------+-------------------------------------------------------------------------------------|
     |                                      timedth                                       |                                       timehyp                                       |
     |                                         2956                                       |                                             0                                       |
     +--------------------------------------------------------------------------------------------------------------------------------------------------------------------------+

     +--------------------------------------------------------------------------------------------------------------------------------------------------------------------------+
 10. | randid | sex | totchol | age | sysbp | diabp | cursmoke | cigpday |   bmi | diabetes | bpmeds  | heartrte  | glucose  | educ  | prevchd  | prevap  | prevmi  | prevstrk  |
     |  11252 |   2 |     285 |  46 |   130 |    84 |        1 |      23 |  23.1 |        0 |      0  |       85  |      85  |    3  |       0  |      0  |      0  |        0  |
     |---------------------------------------------------------------------------+-------------------------------------------+--------------------------------------------------|
     | prevhyp | time | period | hdlc | ldlc | death | angina | hospmi | mi_fchd | anychd | stroke | cvd | hyperten | timeap | timemi | timemifc | timechd | timestrk | timecvd |
     |       0 |    0 |      1 |    . |    . |     0 |      0 |      0 |       0 |      0 |      0 |   0 |        1 |   8766 |   8766 |     8766 |    8766 |     8766 |    8766 |
     |------------------------------------------------------------------------------------+-------------------------------------------------------------------------------------|
     |                                      timedth                                       |                                       timehyp                                       |
     |                                         8766                                       |                                          4285                                       |
     +--------------------------------------------------------------------------------------------------------------------------------------------------------------------------+

. 
. ***********************************Reshape**************************************
. 
. *Arrange dataset in "WIDE" format
. 
. reshape wide sex totchol age sysbp diabp cursmoke cigpday bmi diabetes bpmeds heartrte glucose educ prevchd prevap prevmi prevstrk prevhyp time hdlc ldlc death angina hospmi m
> i_fchd anychd stroke cvd hyperten timeap timemi timemifc timechd timestrk timecvd timedth timehyp, i(randid) j(period)
(j = 1 2 3)

Data                               Long   ->   Wide
-----------------------------------------------------------------------------
Number of observations           11,627   ->   4,434       
Number of variables                  39   ->   112         
j variable (3 values)            period   ->   (dropped)
xij variables:
                                    sex   ->   sex1 sex2 sex3
                                totchol   ->   totchol1 totchol2 totchol3
                                    age   ->   age1 age2 age3
                                  sysbp   ->   sysbp1 sysbp2 sysbp3
                                  diabp   ->   diabp1 diabp2 diabp3
                               cursmoke   ->   cursmoke1 cursmoke2 cursmoke3
                                cigpday   ->   cigpday1 cigpday2 cigpday3
                                    bmi   ->   bmi1 bmi2 bmi3
                               diabetes   ->   diabetes1 diabetes2 diabetes3
                                 bpmeds   ->   bpmeds1 bpmeds2 bpmeds3
                               heartrte   ->   heartrte1 heartrte2 heartrte3
                                glucose   ->   glucose1 glucose2 glucose3
                                   educ   ->   educ1 educ2 educ3
                                prevchd   ->   prevchd1 prevchd2 prevchd3
                                 prevap   ->   prevap1 prevap2 prevap3
                                 prevmi   ->   prevmi1 prevmi2 prevmi3
                               prevstrk   ->   prevstrk1 prevstrk2 prevstrk3
                                prevhyp   ->   prevhyp1 prevhyp2 prevhyp3
                                   time   ->   time1 time2 time3
                                   hdlc   ->   hdlc1 hdlc2 hdlc3
                                   ldlc   ->   ldlc1 ldlc2 ldlc3
                                  death   ->   death1 death2 death3
                                 angina   ->   angina1 angina2 angina3
                                 hospmi   ->   hospmi1 hospmi2 hospmi3
                                mi_fchd   ->   mi_fchd1 mi_fchd2 mi_fchd3
                                 anychd   ->   anychd1 anychd2 anychd3
                                 stroke   ->   stroke1 stroke2 stroke3
                                    cvd   ->   cvd1 cvd2 cvd3
                               hyperten   ->   hyperten1 hyperten2 hyperten3
                                 timeap   ->   timeap1 timeap2 timeap3
                                 timemi   ->   timemi1 timemi2 timemi3
                               timemifc   ->   timemifc1 timemifc2 timemifc3
                                timechd   ->   timechd1 timechd2 timechd3
                               timestrk   ->   timestrk1 timestrk2 timestrk3
                                timecvd   ->   timecvd1 timecvd2 timecvd3
                                timedth   ->   timedth1 timedth2 timedth3
                                timehyp   ->   timehyp1 timehyp2 timehyp3
-----------------------------------------------------------------------------

. 
. //Wide format data: repeated observations at different times for each subject.
. list in 1/10

     +-------------------------------------------------------------------------------------------------------------------------------------------------------------------------+
  1. | randid | sex1 | totchol1 | age1 | sysbp1 | diabp1 | cursmo~1 | cigpday1 |  bmi1 | diabet~1 | bpmeds1 | heartr~1  | glucose1  | educ1  | prevchd1  | prevap1  | prevmi1  |
     |   2448 |    1 |      195 |   39 |    106 |     70 |        0 |        0 | 26.97 |        0 |       0 |       80  |       77  |     4  |        0  |       0  |       0  |
     |-------------------------------------------------------------------------------------------------------------------------------------------------------------------------|
     | prevst~1 | prevhyp1 | time1 | hdlc1 | ldlc1 | death1 | angina1 | hospmi1 | mi_fchd1 | anychd1 | stroke1 | cvd1 | hypert~1 | timeap1  | timemi1  | timem~c1  | timechd1  |
     |        0 |        0 |     0 |     . |     . |      0 |       0 |       1 |        1 |       1 |       0 |    1 |        0 |    8766  |    6438  |     6438  |     6438  |
     |----------+----------+---------------------------------------------------------------------------------------------------------------------------------------------------|
     | timest~1 | timecvd1 | timedth1 | timehyp1 | sex2 | totchol2 | age2 | sysbp2 | diabp2 | cursmo~2 | cigpday2 |  bmi2 | diabet~2 | bpmeds2 | heartr~2 | glucose2  | educ2  |
     |     8766 |     6438 |     8766 |     8766 |    . |        . |    . |      . |      . |        . |        . |     . |        . |       . |        . |        .  |     .  |
     |----------+---------------------------------------------------------+-----------------------------------------------+----------+-----------------------------------------|
     | prevchd2 | prevap2 | prevmi2 | prevst~2 | prevhyp2 | time2 | hdlc2 | ldlc2 | death2 | angina2 | hospmi2 | mi_fchd2 | anychd2  | stroke2  | cvd2  | hypert~2  | timeap2  |
     |        . |       . |       . |        . |        . |     . |     . |     . |      . |       . |       . |        . |       .  |       .  |    .  |        .  |       .  |
     |--------------------+----------------------------------------------------------------------------------------------------------------------------------------------------|
     | timemi2 | timem~c2 | timechd2 | timest~2 | timecvd2 | timedth2 | timehyp2 | sex3 | totchol3 | age3 | sysbp3 | diabp3 | cursmo~3 | cigpday3 |  bmi3 | diabet~3 | bpmeds3 |
     |       . |        . |        . |        . |        . |        . |        . |    1 |      209 |   52 |    121 |     66 |        0 |        0 |     . |        0 |       0 |
     |----------------------------------------------------------------------------------+--------------------------------------------------------------------------------------|
     | heartr~3 | glucose3 | educ3 | prevchd3 | prevap3 | prevmi3 | prevst~3 | prevhyp3 | time3 | hdlc3 | ldlc3 | death3 | angina3 | hospmi3 | mi_fchd3  | anychd3  | stroke3  |
     |       69 |       92 |     4 |        0 |       0 |       0 |        0 |        0 |  4628 |    31 |   178 |      0 |       0 |       1 |        1  |       1  |       0  |
     |-----------------------------+-------------------------------------------------------------------------------------+-----------------------------------------------------|
     |    cvd3    |    hypert~3    |    timeap3    |    timemi3    |    timem~c3     |    timechd3     |    timest~3     |    timecvd3     |    timedth3     |    timehyp3     |
     |       1    |           0    |       8766    |       6438    |        6438     |        6438     |        8766     |        6438     |        8766     |        8766     |
     +-------------------------------------------------------------------------------------------------------------------------------------------------------------------------+

     +-------------------------------------------------------------------------------------------------------------------------------------------------------------------------+
  2. | randid | sex1 | totchol1 | age1 | sysbp1 | diabp1 | cursmo~1 | cigpday1 |  bmi1 | diabet~1 | bpmeds1 | heartr~1  | glucose1  | educ1  | prevchd1  | prevap1  | prevmi1  |
     |   6238 |    2 |      250 |   46 |    121 |     81 |        0 |        0 | 28.73 |        0 |       0 |       95  |       76  |     2  |        0  |       0  |       0  |
     |-------------------------------------------------------------------------------------------------------------------------------------------------------------------------|
     | prevst~1 | prevhyp1 | time1 | hdlc1 | ldlc1 | death1 | angina1 | hospmi1 | mi_fchd1 | anychd1 | stroke1 | cvd1 | hypert~1 | timeap1  | timemi1  | timem~c1  | timechd1  |
     |        0 |        0 |     0 |     . |     . |      0 |       0 |       0 |        0 |       0 |       0 |    0 |        0 |    8766  |    8766  |     8766  |     8766  |
     |----------+----------+---------------------------------------------------------------------------------------------------------------------------------------------------|
     | timest~1 | timecvd1 | timedth1 | timehyp1 | sex2 | totchol2 | age2 | sysbp2 | diabp2 | cursmo~2 | cigpday2 |  bmi2 | diabet~2 | bpmeds2 | heartr~2 | glucose2  | educ2  |
     |     8766 |     8766 |     8766 |     8766 |    2 |      260 |   52 |    105 |   69.5 |        0 |        0 | 29.43 |        0 |       0 |       80 |       86  |     2  |
     |----------+---------------------------------------------------------+-----------------------------------------------+----------+-----------------------------------------|
     | prevchd2 | prevap2 | prevmi2 | prevst~2 | prevhyp2 | time2 | hdlc2 | ldlc2 | death2 | angina2 | hospmi2 | mi_fchd2 | anychd2  | stroke2  | cvd2  | hypert~2  | timeap2  |
     |        0 |       0 |       0 |        0 |        0 |  2156 |     . |     . |      0 |       0 |       0 |        0 |       0  |       0  |    0  |        0  |    8766  |
     |--------------------+----------------------------------------------------------------------------------------------------------------------------------------------------|
     | timemi2 | timem~c2 | timechd2 | timest~2 | timecvd2 | timedth2 | timehyp2 | sex3 | totchol3 | age3 | sysbp3 | diabp3 | cursmo~3 | cigpday3 |  bmi3 | diabet~3 | bpmeds3 |
     |    8766 |     8766 |     8766 |     8766 |     8766 |     8766 |     8766 |    2 |      237 |   58 |    108 |     66 |        0 |        0 |  28.5 |        0 |       0 |
     |----------------------------------------------------------------------------------+--------------------------------------------------------------------------------------|
     | heartr~3 | glucose3 | educ3 | prevchd3 | prevap3 | prevmi3 | prevst~3 | prevhyp3 | time3 | hdlc3 | ldlc3 | death3 | angina3 | hospmi3 | mi_fchd3  | anychd3  | stroke3  |
     |       80 |       71 |     2 |        0 |       0 |       0 |        0 |        0 |  4344 |    54 |   141 |      0 |       0 |       0 |        0  |       0  |       0  |
     |-----------------------------+-------------------------------------------------------------------------------------+-----------------------------------------------------|
     |    cvd3    |    hypert~3    |    timeap3    |    timemi3    |    timem~c3     |    timechd3     |    timest~3     |    timecvd3     |    timedth3     |    timehyp3     |
     |       0    |           0    |       8766    |       8766    |        8766     |        8766     |        8766     |        8766     |        8766     |        8766     |
     +-------------------------------------------------------------------------------------------------------------------------------------------------------------------------+

     +-------------------------------------------------------------------------------------------------------------------------------------------------------------------------+
  3. | randid | sex1 | totchol1 | age1 | sysbp1 | diabp1 | cursmo~1 | cigpday1 |  bmi1 | diabet~1 | bpmeds1 | heartr~1  | glucose1  | educ1  | prevchd1  | prevap1  | prevmi1  |
     |   9428 |    1 |      245 |   48 |  127.5 |     80 |        1 |       20 | 25.34 |        0 |       0 |       75  |       70  |     1  |        0  |       0  |       0  |
     |-------------------------------------------------------------------------------------------------------------------------------------------------------------------------|
     | prevst~1 | prevhyp1 | time1 | hdlc1 | ldlc1 | death1 | angina1 | hospmi1 | mi_fchd1 | anychd1 | stroke1 | cvd1 | hypert~1 | timeap1  | timemi1  | timem~c1  | timechd1  |
     |        0 |        0 |     0 |     . |     . |      0 |       0 |       0 |        0 |       0 |       0 |    0 |        0 |    8766  |    8766  |     8766  |     8766  |
     |----------+----------+---------------------------------------------------------------------------------------------------------------------------------------------------|
     | timest~1 | timecvd1 | timedth1 | timehyp1 | sex2 | totchol2 | age2 | sysbp2 | diabp2 | cursmo~2 | cigpday2 |  bmi2 | diabet~2 | bpmeds2 | heartr~2 | glucose2  | educ2  |
     |     8766 |     8766 |     8766 |     8766 |    1 |      283 |   54 |    141 |     89 |        1 |       30 | 25.34 |        0 |       0 |       75 |       87  |     1  |
     |----------+---------------------------------------------------------+-----------------------------------------------+----------+-----------------------------------------|
     | prevchd2 | prevap2 | prevmi2 | prevst~2 | prevhyp2 | time2 | hdlc2 | ldlc2 | death2 | angina2 | hospmi2 | mi_fchd2 | anychd2  | stroke2  | cvd2  | hypert~2  | timeap2  |
     |        0 |       0 |       0 |        0 |        0 |  2199 |     . |     . |      0 |       0 |       0 |        0 |       0  |       0  |    0  |        0  |    8766  |
     |--------------------+----------------------------------------------------------------------------------------------------------------------------------------------------|
     | timemi2 | timem~c2 | timechd2 | timest~2 | timecvd2 | timedth2 | timehyp2 | sex3 | totchol3 | age3 | sysbp3 | diabp3 | cursmo~3 | cigpday3 |  bmi3 | diabet~3 | bpmeds3 |
     |    8766 |     8766 |     8766 |     8766 |     8766 |     8766 |     8766 |    . |        . |    . |      . |      . |        . |        . |     . |        . |       . |
     |----------------------------------------------------------------------------------+--------------------------------------------------------------------------------------|
     | heartr~3 | glucose3 | educ3 | prevchd3 | prevap3 | prevmi3 | prevst~3 | prevhyp3 | time3 | hdlc3 | ldlc3 | death3 | angina3 | hospmi3 | mi_fchd3  | anychd3  | stroke3  |
     |        . |        . |     . |        . |       . |       . |        . |        . |     . |     . |     . |      . |       . |       . |        .  |       .  |       .  |
     |-----------------------------+-------------------------------------------------------------------------------------+-----------------------------------------------------|
     |    cvd3    |    hypert~3    |    timeap3    |    timemi3    |    timem~c3     |    timechd3     |    timest~3     |    timecvd3     |    timedth3     |    timehyp3     |
     |       .    |           .    |          .    |          .    |           .     |           .     |           .     |           .     |           .     |           .     |
     +-------------------------------------------------------------------------------------------------------------------------------------------------------------------------+

     +-------------------------------------------------------------------------------------------------------------------------------------------------------------------------+
  4. | randid | sex1 | totchol1 | age1 | sysbp1 | diabp1 | cursmo~1 | cigpday1 |  bmi1 | diabet~1 | bpmeds1 | heartr~1  | glucose1  | educ1  | prevchd1  | prevap1  | prevmi1  |
     |  10552 |    2 |      225 |   61 |    150 |     95 |        1 |       30 | 28.58 |        0 |       0 |       65  |      103  |     3  |        0  |       0  |       0  |
     |-------------------------------------------------------------------------------------------------------------------------------------------------------------------------|
     | prevst~1 | prevhyp1 | time1 | hdlc1 | ldlc1 | death1 | angina1 | hospmi1 | mi_fchd1 | anychd1 | stroke1 | cvd1 | hypert~1 | timeap1  | timemi1  | timem~c1  | timechd1  |
     |        0 |        1 |     0 |     . |     . |      1 |       0 |       0 |        0 |       0 |       1 |    1 |        1 |    2956  |    2956  |     2956  |     2956  |
     |----------+----------+---------------------------------------------------------------------------------------------------------------------------------------------------|
     | timest~1 | timecvd1 | timedth1 | timehyp1 | sex2 | totchol2 | age2 | sysbp2 | diabp2 | cursmo~2 | cigpday2 |  bmi2 | diabet~2 | bpmeds2 | heartr~2 | glucose2  | educ2  |
     |     2089 |     2089 |     2956 |        0 |    2 |      232 |   67 |    183 |    109 |        1 |       20 | 30.18 |        0 |       0 |       60 |       89  |     3  |
     |----------+---------------------------------------------------------+-----------------------------------------------+----------+-----------------------------------------|
     | prevchd2 | prevap2 | prevmi2 | prevst~2 | prevhyp2 | time2 | hdlc2 | ldlc2 | death2 | angina2 | hospmi2 | mi_fchd2 | anychd2  | stroke2  | cvd2  | hypert~2  | timeap2  |
     |        0 |       0 |       0 |        0 |        1 |  1977 |     . |     . |      1 |       0 |       0 |        0 |       0  |       1  |    1  |        1  |    2956  |
     |--------------------+----------------------------------------------------------------------------------------------------------------------------------------------------|
     | timemi2 | timem~c2 | timechd2 | timest~2 | timecvd2 | timedth2 | timehyp2 | sex3 | totchol3 | age3 | sysbp3 | diabp3 | cursmo~3 | cigpday3 |  bmi3 | diabet~3 | bpmeds3 |
     |    2956 |     2956 |     2956 |     2089 |     2089 |     2956 |        0 |    . |        . |    . |      . |      . |        . |        . |     . |        . |       . |
     |----------------------------------------------------------------------------------+--------------------------------------------------------------------------------------|
     | heartr~3 | glucose3 | educ3 | prevchd3 | prevap3 | prevmi3 | prevst~3 | prevhyp3 | time3 | hdlc3 | ldlc3 | death3 | angina3 | hospmi3 | mi_fchd3  | anychd3  | stroke3  |
     |        . |        . |     . |        . |       . |       . |        . |        . |     . |     . |     . |      . |       . |       . |        .  |       .  |       .  |
     |-----------------------------+-------------------------------------------------------------------------------------+-----------------------------------------------------|
     |    cvd3    |    hypert~3    |    timeap3    |    timemi3    |    timem~c3     |    timechd3     |    timest~3     |    timecvd3     |    timedth3     |    timehyp3     |
     |       .    |           .    |          .    |          .    |           .     |           .     |           .     |           .     |           .     |           .     |
     +-------------------------------------------------------------------------------------------------------------------------------------------------------------------------+

     +-------------------------------------------------------------------------------------------------------------------------------------------------------------------------+
  5. | randid | sex1 | totchol1 | age1 | sysbp1 | diabp1 | cursmo~1 | cigpday1 |  bmi1 | diabet~1 | bpmeds1 | heartr~1  | glucose1  | educ1  | prevchd1  | prevap1  | prevmi1  |
     |  11252 |    2 |      285 |   46 |    130 |     84 |        1 |       23 |  23.1 |        0 |       0 |       85  |       85  |     3  |        0  |       0  |       0  |
     |-------------------------------------------------------------------------------------------------------------------------------------------------------------------------|
     | prevst~1 | prevhyp1 | time1 | hdlc1 | ldlc1 | death1 | angina1 | hospmi1 | mi_fchd1 | anychd1 | stroke1 | cvd1 | hypert~1 | timeap1  | timemi1  | timem~c1  | timechd1  |
     |        0 |        0 |     0 |     . |     . |      0 |       0 |       0 |        0 |       0 |       0 |    0 |        1 |    8766  |    8766  |     8766  |     8766  |
     |----------+----------+---------------------------------------------------------------------------------------------------------------------------------------------------|
     | timest~1 | timecvd1 | timedth1 | timehyp1 | sex2 | totchol2 | age2 | sysbp2 | diabp2 | cursmo~2 | cigpday2 |  bmi2 | diabet~2 | bpmeds2 | heartr~2 | glucose2  | educ2  |
     |     8766 |     8766 |     8766 |     4285 |    2 |      343 |   51 |    109 |     77 |        1 |       30 | 23.48 |        0 |       0 |       90 |       72  |     3  |
     |----------+---------------------------------------------------------+-----------------------------------------------+----------+-----------------------------------------|
     | prevchd2 | prevap2 | prevmi2 | prevst~2 | prevhyp2 | time2 | hdlc2 | ldlc2 | death2 | angina2 | hospmi2 | mi_fchd2 | anychd2  | stroke2  | cvd2  | hypert~2  | timeap2  |
     |        0 |       0 |       0 |        0 |        0 |  2072 |     . |     . |      0 |       0 |       0 |        0 |       0  |       0  |    0  |        1  |    8766  |
     |--------------------+----------------------------------------------------------------------------------------------------------------------------------------------------|
     | timemi2 | timem~c2 | timechd2 | timest~2 | timecvd2 | timedth2 | timehyp2 | sex3 | totchol3 | age3 | sysbp3 | diabp3 | cursmo~3 | cigpday3 |  bmi3 | diabet~3 | bpmeds3 |
     |    8766 |     8766 |     8766 |     8766 |     8766 |     8766 |     4285 |    2 |        . |   58 |    155 |     90 |        1 |       30 | 24.61 |        0 |       0 |
     |----------------------------------------------------------------------------------+--------------------------------------------------------------------------------------|
     | heartr~3 | glucose3 | educ3 | prevchd3 | prevap3 | prevmi3 | prevst~3 | prevhyp3 | time3 | hdlc3 | ldlc3 | death3 | angina3 | hospmi3 | mi_fchd3  | anychd3  | stroke3  |
     |       74 |        . |     3 |        0 |       0 |       0 |        0 |        1 |  4285 |     . |     . |      0 |       0 |       0 |        0  |       0  |       0  |
     |-----------------------------+-------------------------------------------------------------------------------------+-----------------------------------------------------|
     |    cvd3    |    hypert~3    |    timeap3    |    timemi3    |    timem~c3     |    timechd3     |    timest~3     |    timecvd3     |    timedth3     |    timehyp3     |
     |       0    |           1    |       8766    |       8766    |        8766     |        8766     |        8766     |        8766     |        8766     |        4285     |
     +-------------------------------------------------------------------------------------------------------------------------------------------------------------------------+

     +-------------------------------------------------------------------------------------------------------------------------------------------------------------------------+
  6. | randid | sex1 | totchol1 | age1 | sysbp1 | diabp1 | cursmo~1 | cigpday1 |  bmi1 | diabet~1 | bpmeds1 | heartr~1  | glucose1  | educ1  | prevchd1  | prevap1  | prevmi1  |
     |  11263 |    2 |      228 |   43 |    180 |    110 |        0 |        0 |  30.3 |        0 |       0 |       77  |       99  |     2  |        0  |       0  |       0  |
     |-------------------------------------------------------------------------------------------------------------------------------------------------------------------------|
     | prevst~1 | prevhyp1 | time1 | hdlc1 | ldlc1 | death1 | angina1 | hospmi1 | mi_fchd1 | anychd1 | stroke1 | cvd1 | hypert~1 | timeap1  | timemi1  | timem~c1  | timechd1  |
     |        0 |        1 |     0 |     . |     . |      0 |       0 |       0 |        1 |       1 |       0 |    1 |        1 |    8766  |    8766  |     5719  |     5719  |
     |----------+----------+---------------------------------------------------------------------------------------------------------------------------------------------------|
     | timest~1 | timecvd1 | timedth1 | timehyp1 | sex2 | totchol2 | age2 | sysbp2 | diabp2 | cursmo~2 | cigpday2 |  bmi2 | diabet~2 | bpmeds2 | heartr~2 | glucose2  | educ2  |
     |     8766 |     5719 |     8766 |        0 |    2 |      230 |   49 |    177 |    102 |        0 |        0 | 31.36 |        0 |       1 |      120 |       86  |     2  |
     |----------+---------------------------------------------------------+-----------------------------------------------+----------+-----------------------------------------|
     | prevchd2 | prevap2 | prevmi2 | prevst~2 | prevhyp2 | time2 | hdlc2 | ldlc2 | death2 | angina2 | hospmi2 | mi_fchd2 | anychd2  | stroke2  | cvd2  | hypert~2  | timeap2  |
     |        0 |       0 |       0 |        0 |        1 |  2178 |     . |     . |      0 |       0 |       0 |        1 |       1  |       0  |    1  |        1  |    8766  |
     |--------------------+----------------------------------------------------------------------------------------------------------------------------------------------------|
     | timemi2 | timem~c2 | timechd2 | timest~2 | timecvd2 | timedth2 | timehyp2 | sex3 | totchol3 | age3 | sysbp3 | diabp3 | cursmo~3 | cigpday3 |  bmi3 | diabet~3 | bpmeds3 |
     |    8766 |     5719 |     5719 |     8766 |     5719 |     8766 |        0 |    2 |      220 |   55 |    180 |    106 |        0 |        0 | 31.17 |        1 |       1 |
     |----------------------------------------------------------------------------------+--------------------------------------------------------------------------------------|
     | heartr~3 | glucose3 | educ3 | prevchd3 | prevap3 | prevmi3 | prevst~3 | prevhyp3 | time3 | hdlc3 | ldlc3 | death3 | angina3 | hospmi3 | mi_fchd3  | anychd3  | stroke3  |
     |       86 |       81 |     2 |        0 |       0 |       0 |        0 |        1 |  4351 |    46 |   135 |      0 |       0 |       0 |        1  |       1  |       0  |
     |-----------------------------+-------------------------------------------------------------------------------------+-----------------------------------------------------|
     |    cvd3    |    hypert~3    |    timeap3    |    timemi3    |    timem~c3     |    timechd3     |    timest~3     |    timecvd3     |    timedth3     |    timehyp3     |
     |       1    |           1    |       8766    |       8766    |        5719     |        5719     |        8766     |        5719     |        8766     |           0     |
     +-------------------------------------------------------------------------------------------------------------------------------------------------------------------------+

     +-------------------------------------------------------------------------------------------------------------------------------------------------------------------------+
  7. | randid | sex1 | totchol1 | age1 | sysbp1 | diabp1 | cursmo~1 | cigpday1 |  bmi1 | diabet~1 | bpmeds1 | heartr~1  | glucose1  | educ1  | prevchd1  | prevap1  | prevmi1  |
     |  12629 |    2 |      205 |   63 |    138 |     71 |        0 |        0 | 33.11 |        0 |       0 |       60  |       85  |     1  |        0  |       0  |       0  |
     |-------------------------------------------------------------------------------------------------------------------------------------------------------------------------|
     | prevst~1 | prevhyp1 | time1 | hdlc1 | ldlc1 | death1 | angina1 | hospmi1 | mi_fchd1 | anychd1 | stroke1 | cvd1 | hypert~1 | timeap1  | timemi1  | timem~c1  | timechd1  |
     |        0 |        0 |     0 |     . |     . |      0 |       1 |       0 |        0 |       1 |       0 |    0 |        1 |     373  |    8766  |     8766  |      373  |
     |----------+----------+---------------------------------------------------------------------------------------------------------------------------------------------------|
     | timest~1 | timecvd1 | timedth1 | timehyp1 | sex2 | totchol2 | age2 | sysbp2 | diabp2 | cursmo~2 | cigpday2 |  bmi2 | diabet~2 | bpmeds2 | heartr~2 | glucose2  | educ2  |
     |     8766 |     8766 |     8766 |     2212 |    2 |      220 |   70 |    149 |     81 |        0 |        0 | 36.76 |        0 |       0 |       80 |       98  |     1  |
     |----------+---------------------------------------------------------+-----------------------------------------------+----------+-----------------------------------------|
     | prevchd2 | prevap2 | prevmi2 | prevst~2 | prevhyp2 | time2 | hdlc2 | ldlc2 | death2 | angina2 | hospmi2 | mi_fchd2 | anychd2  | stroke2  | cvd2  | hypert~2  | timeap2  |
     |        1 |       1 |       0 |        0 |        1 |  2212 |     . |     . |      0 |       1 |       0 |        0 |       1  |       0  |    0  |        1  |     373  |
     |--------------------+----------------------------------------------------------------------------------------------------------------------------------------------------|
     | timemi2 | timem~c2 | timechd2 | timest~2 | timecvd2 | timedth2 | timehyp2 | sex3 | totchol3 | age3 | sysbp3 | diabp3 | cursmo~3 | cigpday3 |  bmi3 | diabet~3 | bpmeds3 |
     |    8766 |     8766 |      373 |     8766 |     8766 |     8766 |     2212 |    . |        . |    . |      . |      . |        . |        . |     . |        . |       . |
     |----------------------------------------------------------------------------------+--------------------------------------------------------------------------------------|
     | heartr~3 | glucose3 | educ3 | prevchd3 | prevap3 | prevmi3 | prevst~3 | prevhyp3 | time3 | hdlc3 | ldlc3 | death3 | angina3 | hospmi3 | mi_fchd3  | anychd3  | stroke3  |
     |        . |        . |     . |        . |       . |       . |        . |        . |     . |     . |     . |      . |       . |       . |        .  |       .  |       .  |
     |-----------------------------+-------------------------------------------------------------------------------------+-----------------------------------------------------|
     |    cvd3    |    hypert~3    |    timeap3    |    timemi3    |    timem~c3     |    timechd3     |    timest~3     |    timecvd3     |    timedth3     |    timehyp3     |
     |       .    |           .    |          .    |          .    |           .     |           .     |           .     |           .     |           .     |           .     |
     +-------------------------------------------------------------------------------------------------------------------------------------------------------------------------+

     +-------------------------------------------------------------------------------------------------------------------------------------------------------------------------+
  8. | randid | sex1 | totchol1 | age1 | sysbp1 | diabp1 | cursmo~1 | cigpday1 |  bmi1 | diabet~1 | bpmeds1 | heartr~1  | glucose1  | educ1  | prevchd1  | prevap1  | prevmi1  |
     |  12806 |    2 |      313 |   45 |    100 |     71 |        1 |       20 | 21.68 |        0 |       0 |       79  |       78  |     2  |        0  |       0  |       0  |
     |-------------------------------------------------------------------------------------------------------------------------------------------------------------------------|
     | prevst~1 | prevhyp1 | time1 | hdlc1 | ldlc1 | death1 | angina1 | hospmi1 | mi_fchd1 | anychd1 | stroke1 | cvd1 | hypert~1 | timeap1  | timemi1  | timem~c1  | timechd1  |
     |        0 |        0 |     0 |     . |     . |      0 |       0 |       0 |        0 |       0 |       0 |    0 |        1 |    8766  |    8766  |     8766  |     8766  |
     |----------+----------+---------------------------------------------------------------------------------------------------------------------------------------------------|
     | timest~1 | timecvd1 | timedth1 | timehyp1 | sex2 | totchol2 | age2 | sysbp2 | diabp2 | cursmo~2 | cigpday2 |  bmi2 | diabet~2 | bpmeds2 | heartr~2 | glucose2  | educ2  |
     |     8766 |     8766 |     8766 |     8679 |    2 |        . |   51 |  109.5 |   72.5 |        1 |       30 | 22.19 |        0 |       0 |       75 |        .  |     2  |
     |----------+---------------------------------------------------------+-----------------------------------------------+----------+-----------------------------------------|
     | prevchd2 | prevap2 | prevmi2 | prevst~2 | prevhyp2 | time2 | hdlc2 | ldlc2 | death2 | angina2 | hospmi2 | mi_fchd2 | anychd2  | stroke2  | cvd2  | hypert~2  | timeap2  |
     |        0 |       0 |       0 |        0 |        0 |  2170 |     . |     . |      0 |       0 |       0 |        0 |       0  |       0  |    0  |        1  |    8766  |
     |--------------------+----------------------------------------------------------------------------------------------------------------------------------------------------|
     | timemi2 | timem~c2 | timechd2 | timest~2 | timecvd2 | timedth2 | timehyp2 | sex3 | totchol3 | age3 | sysbp3 | diabp3 | cursmo~3 | cigpday3 |  bmi3 | diabet~3 | bpmeds3 |
     |    8766 |     8766 |     8766 |     8766 |     8766 |     8766 |     8679 |    2 |      320 |   57 |    110 |     46 |        1 |       30 | 22.02 |        0 |       0 |
     |----------------------------------------------------------------------------------+--------------------------------------------------------------------------------------|
     | heartr~3 | glucose3 | educ3 | prevchd3 | prevap3 | prevmi3 | prevst~3 | prevhyp3 | time3 | hdlc3 | ldlc3 | death3 | angina3 | hospmi3 | mi_fchd3  | anychd3  | stroke3  |
     |       75 |       87 |     2 |        0 |       0 |       0 |        0 |        0 |  4289 |    34 |   286 |      0 |       0 |       0 |        0  |       0  |       0  |
     |-----------------------------+-------------------------------------------------------------------------------------+-----------------------------------------------------|
     |    cvd3    |    hypert~3    |    timeap3    |    timemi3    |    timem~c3     |    timechd3     |    timest~3     |    timecvd3     |    timedth3     |    timehyp3     |
     |       0    |           1    |       8766    |       8766    |        8766     |        8766     |        8766     |        8766     |        8766     |        8679     |
     +-------------------------------------------------------------------------------------------------------------------------------------------------------------------------+

     +-------------------------------------------------------------------------------------------------------------------------------------------------------------------------+
  9. | randid | sex1 | totchol1 | age1 | sysbp1 | diabp1 | cursmo~1 | cigpday1 |  bmi1 | diabet~1 | bpmeds1 | heartr~1  | glucose1  | educ1  | prevchd1  | prevap1  | prevmi1  |
     |  14367 |    1 |      260 |   52 |  141.5 |     89 |        0 |        0 | 26.36 |        0 |       0 |       76  |       79  |     1  |        0  |       0  |       0  |
     |-------------------------------------------------------------------------------------------------------------------------------------------------------------------------|
     | prevst~1 | prevhyp1 | time1 | hdlc1 | ldlc1 | death1 | angina1 | hospmi1 | mi_fchd1 | anychd1 | stroke1 | cvd1 | hypert~1 | timeap1  | timemi1  | timem~c1  | timechd1  |
     |        0 |        1 |     0 |     . |     . |      0 |       0 |       0 |        0 |       0 |       0 |    0 |        1 |    8766  |    8766  |     8766  |     8766  |
     |----------+----------+---------------------------------------------------------------------------------------------------------------------------------------------------|
     | timest~1 | timecvd1 | timedth1 | timehyp1 | sex2 | totchol2 | age2 | sysbp2 | diabp2 | cursmo~2 | cigpday2 |  bmi2 | diabet~2 | bpmeds2 | heartr~2 | glucose2  | educ2  |
     |     8766 |     8766 |     8766 |        0 |    1 |      292 |   58 |    132 |     90 |        0 |        0 | 25.39 |        0 |       0 |       85 |       81  |     1  |
     |----------+---------------------------------------------------------+-----------------------------------------------+----------+-----------------------------------------|
     | prevchd2 | prevap2 | prevmi2 | prevst~2 | prevhyp2 | time2 | hdlc2 | ldlc2 | death2 | angina2 | hospmi2 | mi_fchd2 | anychd2  | stroke2  | cvd2  | hypert~2  | timeap2  |
     |        0 |       0 |       0 |        0 |        1 |  2293 |     . |     . |      0 |       0 |       0 |        0 |       0  |       0  |    0  |        1  |    8766  |
     |--------------------+----------------------------------------------------------------------------------------------------------------------------------------------------|
     | timemi2 | timem~c2 | timechd2 | timest~2 | timecvd2 | timedth2 | timehyp2 | sex3 | totchol3 | age3 | sysbp3 | diabp3 | cursmo~3 | cigpday3 |  bmi3 | diabet~3 | bpmeds3 |
     |    8766 |     8766 |     8766 |     8766 |     8766 |     8766 |        0 |    1 |      280 |   64 |    168 |    100 |        0 |        0 | 25.72 |        0 |       0 |
     |----------------------------------------------------------------------------------+--------------------------------------------------------------------------------------|
     | heartr~3 | glucose3 | educ3 | prevchd3 | prevap3 | prevmi3 | prevst~3 | prevhyp3 | time3 | hdlc3 | ldlc3 | death3 | angina3 | hospmi3 | mi_fchd3  | anychd3  | stroke3  |
     |       92 |       82 |     1 |        0 |       0 |       0 |        0 |        1 |  4438 |    44 |   236 |      0 |       0 |       0 |        0  |       0  |       0  |
     |-----------------------------+-------------------------------------------------------------------------------------+-----------------------------------------------------|
     |    cvd3    |    hypert~3    |    timeap3    |    timemi3    |    timem~c3     |    timechd3     |    timest~3     |    timecvd3     |    timedth3     |    timehyp3     |
     |       0    |           1    |       8766    |       8766    |        8766     |        8766     |        8766     |        8766     |        8766     |           0     |
     +-------------------------------------------------------------------------------------------------------------------------------------------------------------------------+

     +-------------------------------------------------------------------------------------------------------------------------------------------------------------------------+
 10. | randid | sex1 | totchol1 | age1 | sysbp1 | diabp1 | cursmo~1 | cigpday1 |  bmi1 | diabet~1 | bpmeds1 | heartr~1  | glucose1  | educ1  | prevchd1  | prevap1  | prevmi1  |
     |  16365 |    1 |      225 |   43 |    162 |    107 |        1 |       30 | 23.61 |        0 |       0 |       93  |       88  |     1  |        0  |       0  |       0  |
     |-------------------------------------------------------------------------------------------------------------------------------------------------------------------------|
     | prevst~1 | prevhyp1 | time1 | hdlc1 | ldlc1 | death1 | angina1 | hospmi1 | mi_fchd1 | anychd1 | stroke1 | cvd1 | hypert~1 | timeap1  | timemi1  | timem~c1  | timechd1  |
     |        0 |        1 |     0 |     . |     . |      0 |       0 |       0 |        0 |       0 |       0 |    0 |        1 |    8766  |    8766  |     8766  |     8766  |
     |----------+----------+---------------------------------------------------------------------------------------------------------------------------------------------------|
     | timest~1 | timecvd1 | timedth1 | timehyp1 | sex2 | totchol2 | age2 | sysbp2 | diabp2 | cursmo~2 | cigpday2 |  bmi2 | diabet~2 | bpmeds2 | heartr~2 | glucose2  | educ2  |
     |     8766 |     8766 |     8766 |        0 |    1 |      258 |   49 |    147 |    102 |        0 |        0 |  27.5 |        0 |       1 |       75 |       74  |     1  |
     |----------+---------------------------------------------------------+-----------------------------------------------+----------+-----------------------------------------|
     | prevchd2 | prevap2 | prevmi2 | prevst~2 | prevhyp2 | time2 | hdlc2 | ldlc2 | death2 | angina2 | hospmi2 | mi_fchd2 | anychd2  | stroke2  | cvd2  | hypert~2  | timeap2  |
     |        0 |       0 |       0 |        0 |        1 |  2191 |     . |     . |      0 |       0 |       0 |        0 |       0  |       0  |    0  |        1  |    8766  |
     |--------------------+----------------------------------------------------------------------------------------------------------------------------------------------------|
     | timemi2 | timem~c2 | timechd2 | timest~2 | timecvd2 | timedth2 | timehyp2 | sex3 | totchol3 | age3 | sysbp3 | diabp3 | cursmo~3 | cigpday3 |  bmi3 | diabet~3 | bpmeds3 |
     |    8766 |     8766 |     8766 |     8766 |     8766 |     8766 |        0 |    1 |      211 |   55 |    173 |    123 |        0 |        0 | 29.11 |        0 |       1 |
     |----------------------------------------------------------------------------------+--------------------------------------------------------------------------------------|
     | heartr~3 | glucose3 | educ3 | prevchd3 | prevap3 | prevmi3 | prevst~3 | prevhyp3 | time3 | hdlc3 | ldlc3 | death3 | angina3 | hospmi3 | mi_fchd3  | anychd3  | stroke3  |
     |       75 |       85 |     1 |        0 |       0 |       0 |        0 |        1 |  4368 |    48 |   163 |      0 |       0 |       0 |        0  |       0  |       0  |
     |-----------------------------+-------------------------------------------------------------------------------------+-----------------------------------------------------|
     |    cvd3    |    hypert~3    |    timeap3    |    timemi3    |    timem~c3     |    timechd3     |    timest~3     |    timecvd3     |    timedth3     |    timehyp3     |
     |       0    |           1    |       8766    |       8766    |        8766     |        8766     |        8766     |        8766     |        8766     |           0     |
     +-------------------------------------------------------------------------------------------------------------------------------------------------------------------------+

. 
. //Long format data: only one numerator and denominator on each line.
. 
. *Arrange dataset back to "LONG" format
. reshape long sex totchol age sysbp diabp cursmoke cigpday bmi diabetes bpmeds heartrte glucose educ prevchd prevap prevmi prevstrk prevhyp time hdlc ldlc death angina hospmi m
> i_fchd anychd stroke cvd hyperten timeap timemi timemifc timechd timestrk timecvd timedth timehyp, i(randid) j(period)
(j = 1 2 3)

Data                               Wide   ->   Long
-----------------------------------------------------------------------------
Number of observations            4,434   ->   13,302      
Number of variables                 112   ->   39          
j variable (3 values)                     ->   period
xij variables:
                         sex1 sex2 sex3   ->   sex
             totchol1 totchol2 totchol3   ->   totchol
                         age1 age2 age3   ->   age
                   sysbp1 sysbp2 sysbp3   ->   sysbp
                   diabp1 diabp2 diabp3   ->   diabp
          cursmoke1 cursmoke2 cursmoke3   ->   cursmoke
             cigpday1 cigpday2 cigpday3   ->   cigpday
                         bmi1 bmi2 bmi3   ->   bmi
          diabetes1 diabetes2 diabetes3   ->   diabetes
                bpmeds1 bpmeds2 bpmeds3   ->   bpmeds
          heartrte1 heartrte2 heartrte3   ->   heartrte
             glucose1 glucose2 glucose3   ->   glucose
                      educ1 educ2 educ3   ->   educ
             prevchd1 prevchd2 prevchd3   ->   prevchd
                prevap1 prevap2 prevap3   ->   prevap
                prevmi1 prevmi2 prevmi3   ->   prevmi
          prevstrk1 prevstrk2 prevstrk3   ->   prevstrk
             prevhyp1 prevhyp2 prevhyp3   ->   prevhyp
                      time1 time2 time3   ->   time
                      hdlc1 hdlc2 hdlc3   ->   hdlc
                      ldlc1 ldlc2 ldlc3   ->   ldlc
                   death1 death2 death3   ->   death
                angina1 angina2 angina3   ->   angina
                hospmi1 hospmi2 hospmi3   ->   hospmi
             mi_fchd1 mi_fchd2 mi_fchd3   ->   mi_fchd
                anychd1 anychd2 anychd3   ->   anychd
                stroke1 stroke2 stroke3   ->   stroke
                         cvd1 cvd2 cvd3   ->   cvd
          hyperten1 hyperten2 hyperten3   ->   hyperten
                timeap1 timeap2 timeap3   ->   timeap
                timemi1 timemi2 timemi3   ->   timemi
          timemifc1 timemifc2 timemifc3   ->   timemifc
             timechd1 timechd2 timechd3   ->   timechd
          timestrk1 timestrk2 timestrk3   ->   timestrk
             timecvd1 timecvd2 timecvd3   ->   timecvd
             timedth1 timedth2 timedth3   ->   timedth
             timehyp1 timehyp2 timehyp3   ->   timehyp
-----------------------------------------------------------------------------

. 
. **************Categorical Variables from Continuous Variables*******************
. 
. *Modify BMI from a cont. variable into cat. variable.
. //Generate BMI categories based on period 1.
. recode bmi (min/18.5=0 "underweight") (18.5/25=1 "normal") (25/30=2 "overweight") (30/max=3 "obese") , gen(bmiCat)
(11,575 differences between bmi and bmiCat)

. 
. //Tabulate to check.
. tab bmiCat, missing

  RECODE of |
  bmi (body |
 mass index |
 (kg/(m*m)) |      Freq.     Percent        Cum.
------------+-----------------------------------
underweight |        167        1.26        1.26
     normal |      5,032       37.83       39.08
 overweight |      4,816       36.21       75.29
      obese |      1,560       11.73       87.02
          . |      1,727       12.98      100.00
------------+-----------------------------------
      Total |     13,302      100.00

. 
. //Tabulate to check bmi categories by period 1 according to study question.
. tab bmiCat if period==1, missing

  RECODE of |
  bmi (body |
 mass index |
 (kg/(m*m)) |      Freq.     Percent        Cum.
------------+-----------------------------------
underweight |         57        1.29        1.29
     normal |      1,936       43.66       44.95
 overweight |      1,848       41.68       86.63
      obese |        574       12.95       99.57
          . |         19        0.43      100.00
------------+-----------------------------------
      Total |      4,434      100.00

. 
. //Cross-tabulate BMI categories and mortality.
. tab bmiCat death if period==1, missing

  RECODE of |
  bmi (body |
 mass index |    death indicator
 (kg/(m*m)) |         0          1 |     Total
------------+----------------------+----------
underweight |        39         18 |        57 
     normal |     1,365        571 |     1,936 
 overweight |     1,157        691 |     1,848 
      obese |       317        257 |       574 
          . |         6         13 |        19 
------------+----------------------+----------
      Total |     2,884      1,550 |     4,434 

. 
. *Repeat same steps for total cholesterol levels as we did to BMI.
.  recode totchol (min/200=0 "Desirable") (200/max=1 "Undesirable") , gen(totcholCat)
(11,218 differences between totchol and totcholCat)

.  tab totcholCat if period==1, missing

  RECODE of |
    totchol |
     (serum |
cholesterol |
     mg/dl) |      Freq.     Percent        Cum.
------------+-----------------------------------
  Desirable |        928       20.93       20.93
Undesirable |      3,454       77.90       98.83
          . |         52        1.17      100.00
------------+-----------------------------------
      Total |      4,434      100.00

.  
. *Create a clear table legend and footnotes to describe nature of variables.
. label var death "0=No death during followup, 1=Death during followup"

. tab death if period==1

 0=No death |
     during |
  followup, |
    1=Death |
     during |
   followup |      Freq.     Percent        Cum.
------------+-----------------------------------
          0 |      2,884       65.04       65.04
          1 |      1,550       34.96      100.00
------------+-----------------------------------
      Total |      4,434      100.00

. label var diabetes "0=Not diabetic, 1=Diabetic"

. tab diabetes if period==1

      0=Not |
  diabetic, |
 1=Diabetic |      Freq.     Percent        Cum.
------------+-----------------------------------
          0 |      4,313       97.27       97.27
          1 |        121        2.73      100.00
------------+-----------------------------------
      Total |      4,434      100.00

.  
. //Tabulate one variable stratified by another variable: what is the death outcome by BMI category?
. //Restrict to tabulation of period 1 only.
. bysort bmiCat: tab death if period==1

---------------------------------------------------------------------------------------------------------------------------------------------------------------------------------
-> bmiCat = underweight

 0=No death |
     during |
  followup, |
    1=Death |
     during |
   followup |      Freq.     Percent        Cum.
------------+-----------------------------------
          0 |         39       68.42       68.42
          1 |         18       31.58      100.00
------------+-----------------------------------
      Total |         57      100.00

---------------------------------------------------------------------------------------------------------------------------------------------------------------------------------
-> bmiCat = normal

 0=No death |
     during |
  followup, |
    1=Death |
     during |
   followup |      Freq.     Percent        Cum.
------------+-----------------------------------
          0 |      1,365       70.51       70.51
          1 |        571       29.49      100.00
------------+-----------------------------------
      Total |      1,936      100.00

---------------------------------------------------------------------------------------------------------------------------------------------------------------------------------
-> bmiCat = overweight

 0=No death |
     during |
  followup, |
    1=Death |
     during |
   followup |      Freq.     Percent        Cum.
------------+-----------------------------------
          0 |      1,157       62.61       62.61
          1 |        691       37.39      100.00
------------+-----------------------------------
      Total |      1,848      100.00

---------------------------------------------------------------------------------------------------------------------------------------------------------------------------------
-> bmiCat = obese

 0=No death |
     during |
  followup, |
    1=Death |
     during |
   followup |      Freq.     Percent        Cum.
------------+-----------------------------------
          0 |        317       55.23       55.23
          1 |        257       44.77      100.00
------------+-----------------------------------
      Total |        574      100.00

---------------------------------------------------------------------------------------------------------------------------------------------------------------------------------
-> bmiCat = .

 0=No death |
     during |
  followup, |
    1=Death |
     during |
   followup |      Freq.     Percent        Cum.
------------+-----------------------------------
          0 |          6       31.58       31.58
          1 |         13       68.42      100.00
------------+-----------------------------------
      Total |         19      100.00


. 
. *******************************Table Contruction********************************
. 
. *Install "table1" package from the Statistical Software Components (SSC):
. ssc install table1
checking table1 consistency and verifying not already installed...
all files already exist and are up to date.

. 
. *Create Table 1 for prospective cohort study for participants in period 1.
. 
. //Stratify by bmiCat for cohort as primary exposure.
. table1 if period==1, by(bmiCat) vars(death cat\ totchol contn\ totcholCat cat\ hyperten contn\ sysbp contn\ diabp contn\ diabetes cat) format(%2.1f) missing
  +-----------------------------------------------------------------------------------------------------------------------------------------+
  | Factor                                                Level         underweight    normal         overweight     obese          p-value |
  |-----------------------------------------------------------------------------------------------------------------------------------------|
  | N                                                                   57             1936           1848           574                    |
  |-----------------------------------------------------------------------------------------------------------------------------------------|
  | 0=No death during followup, 1=Death during followup   0             39 (68.4%)     1365 (70.5%)   1157 (62.6%)   317 (55.2%)     <0.001 |
  |                                                       1             18 (31.6%)     571 (29.5%)    691 (37.4%)    257 (44.8%)            |
  |-----------------------------------------------------------------------------------------------------------------------------------------|
  | serum cholesterol mg/dl, mean (SD)                                  215.5 (38.4)   231.2 (44.4)   242.0 (44.5)   242.8 (43.6)    <0.001 |
  |-----------------------------------------------------------------------------------------------------------------------------------------|
  | RECODE of totchol (serum cholesterol mg/dl)           Desirable     19 (33.3%)     498 (25.7%)    312 (16.9%)    96 (16.7%)      <0.001 |
  |                                                       Undesirable   37 (64.9%)     1420 (73.3%)   1515 (82.0%)   467 (81.4%)            |
  |                                                                     1 (1.8%)       18 (0.9%)      21 (1.1%)      11 (1.9%)              |
  |-----------------------------------------------------------------------------------------------------------------------------------------|
  | incident hypertension, mean (SD)                                    0.5 (0.5)      0.6 (0.5)      0.8 (0.4)      0.9 (0.3)       <0.001 |
  |-----------------------------------------------------------------------------------------------------------------------------------------|
  | systolic bp mmhg, mean (SD)                                         119.8 (17.8)   126.8 (20.4)   135.9 (21.5)   145.1 (24.6)    <0.001 |
  |-----------------------------------------------------------------------------------------------------------------------------------------|
  | diastolic bp mmhg, mean (SD)                                        76.5 (10.1)    79.2 (10.9)    84.9 (11.3)    90.9 (13.0)     <0.001 |
  |-----------------------------------------------------------------------------------------------------------------------------------------|
  | 0=Not diabetic, 1=Diabetic                            0             54 (94.7%)     1906 (98.5%)   1794 (97.1%)   542 (94.4%)     <0.001 |
  |                                                       1             3 (5.3%)       30 (1.5%)      54 (2.9%)      32 (5.6%)              |
  +-----------------------------------------------------------------------------------------------------------------------------------------+

.  
. //THE END// 
. 
. 
. 
. 
. 
. 
end of do-file

